dinesh@dinesh-VirtualBox:~/bigdata-assignment$ ./hadoop/run_mapreduce.sh pokec soc-pokec-relationships.txt
========================================
HADOOP MAPREDUCE ANALYSIS: pokec
========================================
Input file: soc-pokec-relationships.txt
Start time: Wed Nov  5 10:52:39 AM +0530 2025

Project root: /home/dinesh/bigdata-assignment
Data directory: /home/dinesh/bigdata-assignment/data
Hadoop directory: /home/dinesh/bigdata-assignment/hadoop
Temp output: /home/dinesh/bigdata-assignment/results/pokec/hadoop/temp-20251105_105239
Final output: /home/dinesh/bigdata-assignment/results/pokec/hadoop/output-20251105_105239

JAR file ready: /home/dinesh/bigdata-assignment/hadoop/indegree-analysis.jar
Data file found: /home/dinesh/bigdata-assignment/data/pokec/soc-pokec-relationships.txt
Dataset: pokec
Dataset size: 405M

Cleaning previous outputs...
Using HDFS mode...
Starting MapReduce job...
Check YARN UI at http://localhost:8088 for real-time monitoring
Input: /input/pokec/soc-pokec-relationships.txt
Temp: /temp/pokec-20251105_105242
Output: /output/pokec-20251105_105242
----------------------------------------
=== STARTING MAPREDUCE JOB 1: Calculate In-Degrees ===
2025-11-05 10:52:48,783 INFO client.DefaultNoHARMFailoverProxyProvider: Connecting to ResourceManager at /0.0.0.0:8032
2025-11-05 10:52:50,071 WARN mapreduce.JobResourceUploader: Hadoop command-line option parsing not performed. Implement the Tool interface and execute your application with ToolRunner to remedy this.
2025-11-05 10:52:50,219 INFO mapreduce.JobResourceUploader: Disabling Erasure Coding for path: /tmp/hadoop-yarn/staging/dinesh/.staging/job_1762319679353_0001
2025-11-05 10:52:52,422 INFO input.FileInputFormat: Total input files to process : 1
2025-11-05 10:52:53,891 INFO mapreduce.JobSubmitter: number of splits:4
2025-11-05 10:52:55,717 INFO mapreduce.JobSubmitter: Submitting tokens for job: job_1762319679353_0001
2025-11-05 10:52:55,718 INFO mapreduce.JobSubmitter: Executing with tokens: []
2025-11-05 10:52:56,815 INFO conf.Configuration: resource-types.xml not found
2025-11-05 10:52:56,816 INFO resource.ResourceUtils: Unable to find 'resource-types.xml'.
2025-11-05 10:52:58,535 INFO impl.YarnClientImpl: Submitted application application_1762319679353_0001
2025-11-05 10:52:58,788 INFO mapreduce.Job: The url to track the job: http://dinesh-VirtualBox:8088/proxy/application_1762319679353_0001/
2025-11-05 10:52:58,792 INFO mapreduce.Job: Running job: job_1762319679353_0001
2025-11-05 10:53:18,064 INFO mapreduce.Job: Job job_1762319679353_0001 running in uber mode : false
2025-11-05 10:53:18,073 INFO mapreduce.Job:  map 0% reduce 0%
2025-11-05 10:53:50,610 INFO mapreduce.Job:  map 9% reduce 0%
2025-11-05 10:53:52,041 INFO mapreduce.Job:  map 11% reduce 0%
2025-11-05 10:53:57,139 INFO mapreduce.Job:  map 20% reduce 0%
2025-11-05 10:53:59,113 INFO mapreduce.Job:  map 23% reduce 0%
2025-11-05 10:54:03,435 INFO mapreduce.Job:  map 34% reduce 0%
2025-11-05 10:54:08,330 INFO mapreduce.Job:  map 40% reduce 0%
2025-11-05 10:54:09,568 INFO mapreduce.Job:  map 41% reduce 0%
2025-11-05 10:54:14,568 INFO mapreduce.Job:  map 43% reduce 0%
2025-11-05 10:54:16,160 INFO mapreduce.Job:  map 44% reduce 0%
2025-11-05 10:54:20,704 INFO mapreduce.Job:  map 46% reduce 0%
2025-11-05 10:54:26,198 INFO mapreduce.Job:  map 49% reduce 0%
2025-11-05 10:54:28,442 INFO mapreduce.Job:  map 51% reduce 0%
2025-11-05 10:54:32,663 INFO mapreduce.Job:  map 55% reduce 0%
2025-11-05 10:54:35,477 INFO mapreduce.Job:  map 57% reduce 0%
2025-11-05 10:54:38,557 INFO mapreduce.Job:  map 59% reduce 0%
2025-11-05 10:54:40,823 INFO mapreduce.Job:  map 60% reduce 0%
2025-11-05 10:54:47,363 INFO mapreduce.Job:  map 61% reduce 0%
2025-11-05 10:54:54,709 INFO mapreduce.Job:  map 67% reduce 0%
2025-11-05 10:55:00,299 INFO mapreduce.Job:  map 73% reduce 0%
2025-11-05 10:55:04,022 INFO mapreduce.Job:  map 73% reduce 8%
2025-11-05 10:55:13,229 INFO mapreduce.Job:  map 75% reduce 8%
2025-11-05 10:55:22,888 INFO mapreduce.Job:  map 80% reduce 8%
2025-11-05 10:55:25,428 INFO mapreduce.Job:  map 90% reduce 8%
2025-11-05 10:55:29,612 INFO mapreduce.Job:  map 93% reduce 8%
2025-11-05 10:55:30,675 INFO mapreduce.Job:  map 93% reduce 25%
2025-11-05 10:55:31,855 INFO mapreduce.Job:  map 97% reduce 25%
2025-11-05 10:55:34,311 INFO mapreduce.Job:  map 100% reduce 25%
2025-11-05 10:55:36,962 INFO mapreduce.Job:  map 100% reduce 38%
2025-11-05 10:55:43,190 INFO mapreduce.Job:  map 100% reduce 97%
2025-11-05 10:55:44,220 INFO mapreduce.Job:  map 100% reduce 100%
2025-11-05 10:55:48,365 INFO mapreduce.Job: Job job_1762319679353_0001 completed successfully
2025-11-05 10:55:50,621 INFO mapreduce.Job: Counters: 55
	File System Counters
		FILE: Number of bytes read=156733550
		FILE: Number of bytes written=212254113
		FILE: Number of read operations=0
		FILE: Number of large read operations=0
		FILE: Number of write operations=0
		HDFS: Number of bytes read=423954300
		HDFS: Number of bytes written=14903032
		HDFS: Number of read operations=17
		HDFS: Number of large read operations=0
		HDFS: Number of write operations=2
		HDFS: Number of bytes read erasure-coded=0
	Job Counters 
		Killed map tasks=3
		Launched map tasks=7
		Launched reduce tasks=1
		Data-local map tasks=7
		Total time spent by all maps in occupied slots (ms)=586440
		Total time spent by all reduces in occupied slots (ms)=89529
		Total time spent by all map tasks (ms)=586440
		Total time spent by all reduce tasks (ms)=89529
		Total vcore-milliseconds taken by all map tasks=586440
		Total vcore-milliseconds taken by all reduce tasks=89529
		Total megabyte-milliseconds taken by all map tasks=600514560
		Total megabyte-milliseconds taken by all reduce tasks=91677696
	Map-Reduce Framework
		Map input records=30622564
		Map output records=30622564
		Map output bytes=334384363
		Map output materialized bytes=54140233
		Input split bytes=504
		Combine input records=38458460
		Combine output records=11934700
		Reduce input groups=1519452
		Reduce shuffle bytes=54140233
		Reduce input records=4098804
		Reduce output records=1519452
		Spilled Records=16033504
		Shuffled Maps =4
		Failed Shuffles=0
		Merged Map outputs=4
		GC time elapsed (ms)=14188
		CPU time spent (ms)=191210
		Physical memory (bytes) snapshot=1956569088
		Virtual memory (bytes) snapshot=13739810816
		Total committed heap usage (bytes)=1567621120
		Peak Map Physical memory (bytes)=546770944
		Peak Map Virtual memory (bytes)=2757873664
		Peak Reduce Physical memory (bytes)=200712192
		Peak Reduce Virtual memory (bytes)=2745180160
	Shuffle Errors
		BAD_ID=0
		CONNECTION=0
		IO_ERROR=0
		WRONG_LENGTH=0
		WRONG_MAP=0
		WRONG_REDUCE=0
	File Input Format Counters 
		Bytes Read=423953796
	File Output Format Counters 
		Bytes Written=14903032
Job 1 completed in: 182517 ms
=== STARTING MAPREDUCE JOB 2: Calculate Distribution ===
2025-11-05 10:55:51,344 INFO client.DefaultNoHARMFailoverProxyProvider: Connecting to ResourceManager at /0.0.0.0:8032
2025-11-05 10:55:51,811 WARN mapreduce.JobResourceUploader: Hadoop command-line option parsing not performed. Implement the Tool interface and execute your application with ToolRunner to remedy this.
2025-11-05 10:55:51,860 INFO mapreduce.JobResourceUploader: Disabling Erasure Coding for path: /tmp/hadoop-yarn/staging/dinesh/.staging/job_1762319679353_0002
2025-11-05 10:55:52,522 INFO input.FileInputFormat: Total input files to process : 1
2025-11-05 10:55:53,601 INFO mapreduce.JobSubmitter: number of splits:1
2025-11-05 10:55:54,545 INFO mapreduce.JobSubmitter: Submitting tokens for job: job_1762319679353_0002
2025-11-05 10:55:54,546 INFO mapreduce.JobSubmitter: Executing with tokens: []
2025-11-05 10:55:55,000 INFO impl.YarnClientImpl: Submitted application application_1762319679353_0002
2025-11-05 10:55:55,090 INFO mapreduce.Job: The url to track the job: http://dinesh-VirtualBox:8088/proxy/application_1762319679353_0002/
2025-11-05 10:55:55,090 INFO mapreduce.Job: Running job: job_1762319679353_0002
2025-11-05 10:56:12,870 INFO mapreduce.Job: Job job_1762319679353_0002 running in uber mode : false
2025-11-05 10:56:12,873 INFO mapreduce.Job:  map 0% reduce 0%
2025-11-05 10:56:29,291 INFO mapreduce.Job:  map 100% reduce 0%
2025-11-05 10:56:36,480 INFO mapreduce.Job:  map 100% reduce 100%
2025-11-05 10:56:38,651 INFO mapreduce.Job: Job job_1762319679353_0002 completed successfully
2025-11-05 10:56:38,708 INFO mapreduce.Job: Counters: 54
	File System Counters
		FILE: Number of bytes read=5356
		FILE: Number of bytes written=562831
		FILE: Number of read operations=0
		FILE: Number of large read operations=0
		FILE: Number of write operations=0
		HDFS: Number of bytes read=14903158
		HDFS: Number of bytes written=3744
		HDFS: Number of read operations=8
		HDFS: Number of large read operations=0
		HDFS: Number of write operations=2
		HDFS: Number of bytes read erasure-coded=0
	Job Counters 
		Launched map tasks=1
		Launched reduce tasks=1
		Data-local map tasks=1
		Total time spent by all maps in occupied slots (ms)=12648
		Total time spent by all reduces in occupied slots (ms)=4819
		Total time spent by all map tasks (ms)=12648
		Total time spent by all reduce tasks (ms)=4819
		Total vcore-milliseconds taken by all map tasks=12648
		Total vcore-milliseconds taken by all reduce tasks=4819
		Total megabyte-milliseconds taken by all map tasks=12951552
		Total megabyte-milliseconds taken by all reduce tasks=4934656
	Map-Reduce Framework
		Map input records=1519452
		Map output records=1519452
		Map output bytes=12155616
		Map output materialized bytes=5356
		Input split bytes=126
		Combine input records=1519452
		Combine output records=535
		Reduce input groups=535
		Reduce shuffle bytes=5356
		Reduce input records=535
		Reduce output records=535
		Spilled Records=1070
		Shuffled Maps =1
		Failed Shuffles=0
		Merged Map outputs=1
		GC time elapsed (ms)=403
		CPU time spent (ms)=8130
		Physical memory (bytes) snapshot=601038848
		Virtual memory (bytes) snapshot=5494140928
		Total committed heap usage (bytes)=401604608
		Peak Map Physical memory (bytes)=392871936
		Peak Map Virtual memory (bytes)=2745171968
		Peak Reduce Physical memory (bytes)=208166912
		Peak Reduce Virtual memory (bytes)=2748968960
	Shuffle Errors
		BAD_ID=0
		CONNECTION=0
		IO_ERROR=0
		WRONG_LENGTH=0
		WRONG_MAP=0
		WRONG_REDUCE=0
	File Input Format Counters 
		Bytes Read=14903032
	File Output Format Counters 
		Bytes Written=3744
Job 2 completed in: 47841 ms
TOTAL MAPREDUCE TIME: 230603 ms
=== MAPREDUCE ANALYSIS COMPLETE ===
----------------------------------------
Job exit status: 0
MapReduce job completed successfully!
Copying results from HDFS to local filesystem...

Checking output...
total 12
drwxr-xr-x 2 dinesh dinesh 4096 Nov  5 10:56 .
drwxrwxr-x 4 dinesh dinesh 4096 Nov  5 10:56 ..
-rw-r--r-- 1 dinesh dinesh 3744 Nov  5 10:56 part-r-00000
-rw-r--r-- 1 dinesh dinesh    0 Nov  5 10:56 _SUCCESS

=== RESULTS ===
Sample distribution (first 10):
1	205341
2	132176
3	97093
4	78058
5	65203
6	56744
7	49174
8	44230
9	39937
10	36825

Total distribution entries: 535
Output file size: 3.7K

Top 5 most common in-degrees:
1	205341
2	132176
3	97093
4	78058
5	65203

=== EXECUTION SUMMARY ===
Dataset: pokec
Input file: soc-pokec-relationships.txt
File size: 405M
Execution time: 232 seconds
Job status: SUCCESS
Mode: HDFS
End time: Wed Nov  5 10:56:54 AM +0530 2025

Output location: /home/dinesh/bigdata-assignment/results/pokec/hadoop/output-20251105_105239/part-r-00000
To view full results: cat /home/dinesh/bigdata-assignment/results/pokec/hadoop/output-20251105_105239/part-r-00000

========================================
